{"/home/usuario/tutorial/Babel-Tutorial/john-data.js": {"path":"/home/usuario/tutorial/Babel-Tutorial/john-data.js","statementMap":{"0":{"start":{"line":22,"column":15},"end":{"line":22,"column":36}},"1":{"start":{"line":23,"column":13},"end":{"line":23,"column":56}},"2":{"start":{"line":24,"column":27},"end":{"line":24,"column":43}},"3":{"start":{"line":26,"column":22},"end":{"line":28,"column":21}},"4":{"start":{"line":35,"column":24},"end":{"line":41,"column":1}},"5":{"start":{"line":36,"column":13},"end":{"line":36,"column":15}},"6":{"start":{"line":37,"column":2},"end":{"line":39,"column":3}},"7":{"start":{"line":38,"column":4},"end":{"line":38,"column":58}},"8":{"start":{"line":40,"column":2},"end":{"line":40,"column":14}},"9":{"start":{"line":43,"column":0},"end":{"line":50,"column":1}},"10":{"start":{"line":44,"column":2},"end":{"line":46,"column":3}},"11":{"start":{"line":45,"column":4},"end":{"line":45,"column":22}},"12":{"start":{"line":47,"column":2},"end":{"line":47,"column":37}},"13":{"start":{"line":49,"column":2},"end":{"line":49,"column":29}}},"fnMap":{"0":{"name":"(anonymous_0)","decl":{"start":{"line":35,"column":24},"end":{"line":35,"column":25}},"loc":{"start":{"line":35,"column":45},"end":{"line":41,"column":1}},"line":35}},"branchMap":{"0":{"loc":{"start":{"line":44,"column":2},"end":{"line":46,"column":3}},"type":"if","locations":[{"start":{"line":44,"column":2},"end":{"line":46,"column":3}},{"start":{},"end":{}}],"line":44}},"s":{"0":1,"1":1,"2":1,"3":1,"4":1,"5":1,"6":1,"7":6,"8":1,"9":1,"10":1,"11":1,"12":0,"13":1},"f":{"0":1},"b":{"0":[1,0]},"_coverageSchema":"1a1c01bbd47fc00a2c39e90264f33305004495a9","hash":"9ea223874ea77d41cc199f9654a61c65c9e9d955"}
}
