{"/home/usuario/tutorial/Babel-Tutorial/john-data.js": {"path":"/home/usuario/tutorial/Babel-Tutorial/john-data.js","statementMap":{"0":{"start":{"line":22,"column":15},"end":{"line":22,"column":36}},"1":{"start":{"line":23,"column":13},"end":{"line":23,"column":56}},"2":{"start":{"line":24,"column":27},"end":{"line":24,"column":43}},"3":{"start":{"line":26,"column":22},"end":{"line":28,"column":21}},"4":{"start":{"line":30,"column":26},"end":{"line":32,"column":28}},"5":{"start":{"line":39,"column":24},"end":{"line":49,"column":1}},"6":{"start":{"line":40,"column":2},"end":{"line":42,"column":3}},"7":{"start":{"line":41,"column":4},"end":{"line":41,"column":32}},"8":{"start":{"line":44,"column":13},"end":{"line":44,"column":15}},"9":{"start":{"line":45,"column":2},"end":{"line":47,"column":3}},"10":{"start":{"line":46,"column":4},"end":{"line":46,"column":58}},"11":{"start":{"line":48,"column":2},"end":{"line":48,"column":14}},"12":{"start":{"line":51,"column":0},"end":{"line":58,"column":1}},"13":{"start":{"line":52,"column":2},"end":{"line":54,"column":3}},"14":{"start":{"line":53,"column":4},"end":{"line":53,"column":22}},"15":{"start":{"line":55,"column":2},"end":{"line":55,"column":37}},"16":{"start":{"line":57,"column":2},"end":{"line":57,"column":29}}},"fnMap":{"0":{"name":"(anonymous_0)","decl":{"start":{"line":39,"column":24},"end":{"line":39,"column":25}},"loc":{"start":{"line":39,"column":45},"end":{"line":49,"column":1}},"line":39}},"branchMap":{"0":{"loc":{"start":{"line":40,"column":2},"end":{"line":42,"column":3}},"type":"if","locations":[{"start":{"line":40,"column":2},"end":{"line":42,"column":3}},{"start":{},"end":{}}],"line":40},"1":{"loc":{"start":{"line":52,"column":2},"end":{"line":54,"column":3}},"type":"if","locations":[{"start":{"line":52,"column":2},"end":{"line":54,"column":3}},{"start":{},"end":{}}],"line":52}},"s":{"0":1,"1":1,"2":1,"3":1,"4":1,"5":1,"6":2,"7":1,"8":1,"9":1,"10":6,"11":1,"12":1,"13":1,"14":1,"15":0,"16":1},"f":{"0":2},"b":{"0":[1,1],"1":[1,0]},"_coverageSchema":"1a1c01bbd47fc00a2c39e90264f33305004495a9","hash":"fa35ff85636e2cd70e6c9b15947fd8dd20dce9ca"}
}
